#
# There is insufficient memory for the Java Runtime Environment to continue.
# Native memory allocation (mmap) failed to map 264241152 bytes for G1 virtual space
# Possible reasons:
#   The system is out of physical RAM or swap space
#   The process is running with CompressedOops enabled, and the Java Heap may be blocking the growth of the native heap
# Possible solutions:
#   Reduce memory load on the system
#   Increase physical memory or swap space
#   Check if swap backing store is full
#   Decrease Java heap size (-Xmx/-Xms)
#   Decrease number of Java threads
#   Decrease Java thread stack sizes (-Xss)
#   Set larger code cache with -XX:ReservedCodeCacheSize=
#   JVM is running with Unscaled Compressed Oops mode in which the Java heap is
#     placed in the first 4GB address space. The Java Heap base address is the
#     maximum limit for the native heap growth. Please use -XX:HeapBaseMinAddress
#     to set the Java Heap base and to place the Java Heap above 4GB virtual address.
# This output file may be truncated or incomplete.
#
#  Out of Memory Error (os_windows.cpp:3617), pid=30452, tid=23224
#
# JRE version:  (17.0.8.1+1) (build )
# Java VM: OpenJDK 64-Bit Server VM (17.0.8.1+1, mixed mode, emulated-client, sharing, tiered, compressed oops, compressed class ptrs, g1 gc, windows-amd64)
# No core dump will be written. Minidumps are not enabled by default on client versions of Windows
#

---------------  S U M M A R Y ------------

Command Line: -XX:+HeapDumpOnOutOfMemoryError -Xmx1024m -Dsts.lsp.client=vscode -Dsts.log.file=/dev/null -XX:TieredStopAtLevel=1 -Xlog:jni+resolve=off -Dspring.config.location=file:c:\Users\saisri.g\.vscode\extensions\vmware.vscode-spring-boot-1.49.0\language-server\BOOT-INF\classes\application.properties org.springframework.ide.vscode.boot.app.BootLanguageServerBootApp

Host: 12th Gen Intel(R) Core(TM) i5-1235U, 12 cores, 15G,  Windows 10 , 64 bit Build 19041 (10.0.19041.3031)
Time: Tue Sep 19 16:02:45 2023 India Standard Time elapsed time: 0.057255 seconds (0d 0h 0m 0s)

---------------  T H R E A D  ---------------

Current thread (0x000001e07f645d60):  JavaThread "Unknown thread" [_thread_in_vm, id=23224, stack(0x00000056b6e00000,0x00000056b6f00000)]

Stack: [0x00000056b6e00000,0x00000056b6f00000]
Native frames: (J=compiled Java code, j=interpreted, Vv=VM code, C=native code)
V  [jvm.dll+0x678b0a]
V  [jvm.dll+0x835e84]
V  [jvm.dll+0x83762e]
V  [jvm.dll+0x837c93]
V  [jvm.dll+0x24746f]
V  [jvm.dll+0x675859]
V  [jvm.dll+0x66a0ea]
V  [jvm.dll+0x306c7b]
V  [jvm.dll+0x30e166]
V  [jvm.dll+0x35dd3e]
V  [jvm.dll+0x35df6f]
V  [jvm.dll+0x2ddb48]
V  [jvm.dll+0x2deab4]
V  [jvm.dll+0x807f31]
V  [jvm.dll+0x36bb21]
V  [jvm.dll+0x7e733c]
V  [jvm.dll+0x3ee4af]
V  [jvm.dll+0x3f00c1]
C  [jli.dll+0x528b]
C  [ucrtbase.dll+0x21bb2]
C  [KERNEL32.DLL+0x17614]
C  [ntdll.dll+0x526f1]


---------------  P R O C E S S  ---------------

Threads class SMR info:
_java_thread_list=0x00007ff99f8ea018, length=0, elements={
}

Java Threads: ( => current thread )

Other Threads:
  0x000001e07ed85f60 GCTaskThread "GC Thread#0" [stack: 0x00000056b6f00000,0x00000056b7000000] [id=28524]
  0x000001e07ed8ecc0 ConcurrentGCThread "G1 Main Marker" [stack: 0x00000056b7000000,0x00000056b7100000] [id=4060]
  0x000001e07ed93170 ConcurrentGCThread "G1 Conc#0" [stack: 0x00000056b7100000,0x00000056b7200000] [id=24460]

[error occurred during error reporting (printing all threads), id 0xc0000005, EXCEPTION_ACCESS_VIOLATION (0xc0000005) at pc=0x00007ff99f0be587]

VM state: not at safepoint (not fully initialized)

VM Mutex/Monitor currently owned by a thread:  ([mutex/lock_event])
[0x000001e07f642540] Heap_lock - owner thread: 0x000001e07f645d60

Heap address: 0x00000000c0000000, size: 1024 MB, Compressed Oops mode: 32-bit

CDS archive(s) mapped at: [0x0000000000000000-0x0000000000000000-0x0000000000000000), size 0, SharedBaseAddress: 0x0000000800000000, ArchiveRelocationMode: 1.
Narrow klass base: 0x0000000000000000, Narrow klass shift: 0, Narrow klass range: 0x0

GC Precious Log:
<Empty>

Heap:
 garbage-first heap   total 0K, used 0K [0x00000000c0000000, 0x0000000100000000)
  region size 1024K, 0 young (0K), 0 survivors (0K)

[error occurred during error reporting (printing heap information), id 0xc0000005, EXCEPTION_ACCESS_VIOLATION (0xc0000005) at pc=0x00007ff99f4a2699]

GC Heap History (0 events):
No events

Dll operation events (1 events):
Event: 0.039 Loaded shared library c:\Users\saisri.g\.vscode\extensions\redhat.java-1.22.1-win32-x64\jre\17.0.8.1-win32-x86_64\bin\java.dll

Deoptimization events (0 events):
No events

Classes unloaded (0 events):
No events

Classes redefined (0 events):
No events

Internal exceptions (0 events):
No events

VM Operations (0 events):
No events

Events (0 events):
No events


Dynamic libraries:
0x00007ff778fa0000 - 0x00007ff778fae000 	c:\Users\saisri.g\.vscode\extensions\redhat.java-1.22.1-win32-x64\jre\17.0.8.1-win32-x86_64\bin\java.exe
0x00007ffa45b10000 - 0x00007ffa45d08000 	C:\windows\SYSTEM32\ntdll.dll
0x00007ffa43fe0000 - 0x00007ffa4409f000 	C:\windows\System32\KERNEL32.DLL
0x00007ffa43870000 - 0x00007ffa43b66000 	C:\windows\System32\KERNELBASE.dll
0x00007ffa431f0000 - 0x00007ffa432f0000 	C:\windows\System32\ucrtbase.dll
0x00007ffa27740000 - 0x00007ffa27757000 	c:\Users\saisri.g\.vscode\extensions\redhat.java-1.22.1-win32-x64\jre\17.0.8.1-win32-x86_64\bin\jli.dll
0x00007ffa45830000 - 0x00007ffa459cd000 	C:\windows\System32\USER32.dll
0x00007ffa436c0000 - 0x00007ffa436e2000 	C:\windows\System32\win32u.dll
0x00007ffa459d0000 - 0x00007ffa459fc000 	C:\windows\System32\GDI32.dll
0x00007ffa432f0000 - 0x00007ffa43405000 	C:\windows\System32\gdi32full.dll
0x00007ffa436f0000 - 0x00007ffa4378d000 	C:\windows\System32\msvcp_win.dll
0x00007ffa3dc50000 - 0x00007ffa3dc69000 	c:\Users\saisri.g\.vscode\extensions\redhat.java-1.22.1-win32-x64\jre\17.0.8.1-win32-x86_64\bin\VCRUNTIME140.dll
0x00007ffa41650000 - 0x00007ffa418ea000 	C:\windows\WinSxS\amd64_microsoft.windows.common-controls_6595b64144ccf1df_6.0.19041.1110_none_60b5254171f9507e\COMCTL32.dll
0x00007ffa440a0000 - 0x00007ffa4413e000 	C:\windows\System32\msvcrt.dll
0x00007ffa447e0000 - 0x00007ffa44810000 	C:\windows\System32\IMM32.DLL
0x00007ff9f67f0000 - 0x00007ff9f6e63000 	C:\Program Files\McAfee\DLP\Agent\fcagpph64.dll
0x00007ffa44140000 - 0x00007ffa441ef000 	C:\windows\System32\ADVAPI32.dll
0x00007ffa44810000 - 0x00007ffa448ac000 	C:\windows\System32\sechost.dll
0x00007ffa44270000 - 0x00007ffa44396000 	C:\windows\System32\RPCRT4.dll
0x00007ffa45080000 - 0x00007ffa457c4000 	C:\windows\System32\SHELL32.dll
0x00007ffa448b0000 - 0x00007ffa449da000 	C:\windows\System32\ole32.dll
0x00007ffa443a0000 - 0x00007ffa446f4000 	C:\windows\System32\combase.dll
0x00007ffa43ce0000 - 0x00007ffa43d35000 	C:\windows\System32\SHLWAPI.dll
0x00007ffa441f0000 - 0x00007ffa4425b000 	C:\windows\System32\WS2_32.dll
0x00007ffa45a00000 - 0x00007ffa45acd000 	C:\windows\System32\OLEAUT32.dll
0x00007ffa09cb0000 - 0x00007ffa09d4d000 	C:\windows\SYSTEM32\WINSPOOL.DRV
0x00007ffa43c30000 - 0x00007ffa43cdd000 	C:\windows\System32\shcore.dll
0x00007ffa357f0000 - 0x00007ffa357fa000 	C:\windows\SYSTEM32\VERSION.dll
0x00007ffa430b0000 - 0x00007ffa430e2000 	C:\windows\SYSTEM32\SspiCli.dll
0x00007ffa422e0000 - 0x00007ffa42313000 	C:\windows\SYSTEM32\ntmarta.dll
0x00007ff9f1c50000 - 0x00007ff9f2130000 	C:\Program Files\McAfee\DLP\Agent\fcagafa64.dll
0x00007ffa0a150000 - 0x00007ffa0a1f4000 	C:\Program Files\McAfee\Endpoint Security\Threat Prevention\Ips\EpMPApi.dll
0x00007ffa43650000 - 0x00007ffa436b7000 	C:\windows\System32\WINTRUST.dll
0x00007ffa434f0000 - 0x00007ffa4364e000 	C:\windows\System32\CRYPT32.dll
0x00007ffa42d60000 - 0x00007ffa42d72000 	C:\windows\SYSTEM32\MSASN1.dll
0x000000006e3b0000 - 0x000000006e3bc000 	C:\Program Files\McAfee\Endpoint Security\Threat Prevention\Ips\EpMPThe.dll
0x00007ffa0a0f0000 - 0x00007ffa0a14b000 	C:\Program Files\McAfee\Endpoint Security\Threat Prevention\Ips\HIPHandlers64.dll
0x00007ffa40d00000 - 0x00007ffa40ee4000 	C:\windows\SYSTEM32\dbghelp.dll
0x00007ffa3dbe0000 - 0x00007ffa3dbec000 	c:\Users\saisri.g\.vscode\extensions\redhat.java-1.22.1-win32-x64\jre\17.0.8.1-win32-x86_64\bin\vcruntime140_1.dll
0x00007ff9f5220000 - 0x00007ff9f52b1000 	c:\Users\saisri.g\.vscode\extensions\redhat.java-1.22.1-win32-x64\jre\17.0.8.1-win32-x86_64\bin\msvcp140.dll
0x00007ff99edd0000 - 0x00007ff99fa1c000 	c:\Users\saisri.g\.vscode\extensions\redhat.java-1.22.1-win32-x64\jre\17.0.8.1-win32-x86_64\bin\server\jvm.dll
0x00007ffa42fb0000 - 0x00007ffa42ffb000 	C:\windows\SYSTEM32\POWRPROF.dll
0x00007ffa14080000 - 0x00007ffa14089000 	C:\windows\SYSTEM32\WSOCK32.dll
0x00007ffa35af0000 - 0x00007ffa35b17000 	C:\windows\SYSTEM32\WINMM.dll
0x00007ffa42f90000 - 0x00007ffa42fa2000 	C:\windows\SYSTEM32\UMPDC.dll
0x00007ffa40f60000 - 0x00007ffa40f72000 	C:\windows\SYSTEM32\kernel.appcore.dll
0x00007ffa3b990000 - 0x00007ffa3b99a000 	c:\Users\saisri.g\.vscode\extensions\redhat.java-1.22.1-win32-x64\jre\17.0.8.1-win32-x86_64\bin\jimage.dll
0x00007ffa22800000 - 0x00007ffa22834000 	C:\windows\SYSTEM32\dbgcore.DLL
0x00007ffa43410000 - 0x00007ffa43492000 	C:\windows\System32\bcryptPrimitives.dll
0x00007ffa260e0000 - 0x00007ffa26105000 	c:\Users\saisri.g\.vscode\extensions\redhat.java-1.22.1-win32-x64\jre\17.0.8.1-win32-x86_64\bin\java.dll

dbghelp: loaded successfully - version: 4.0.5 - missing functions: none
symbol engine: initialized successfully - sym options: 0x614 - pdb path: .;c:\Users\saisri.g\.vscode\extensions\redhat.java-1.22.1-win32-x64\jre\17.0.8.1-win32-x86_64\bin;C:\windows\SYSTEM32;C:\windows\WinSxS\amd64_microsoft.windows.common-controls_6595b64144ccf1df_6.0.19041.1110_none_60b5254171f9507e;C:\Program Files\McAfee\DLP\Agent;C:\Program Files\McAfee\Endpoint Security\Threat Prevention\Ips;c:\Users\saisri.g\.vscode\extensions\redhat.java-1.22.1-win32-x64\jre\17.0.8.1-win32-x86_64\bin\server

VM Arguments:
jvm_args: -XX:+HeapDumpOnOutOfMemoryError -Xmx1024m -Dsts.lsp.client=vscode -Dsts.log.file=/dev/null -XX:TieredStopAtLevel=1 -Xlog:jni+resolve=off -Dspring.config.location=file:c:\Users\saisri.g\.vscode\extensions\vmware.vscode-spring-boot-1.49.0\language-server\BOOT-INF\classes\application.properties 
java_command: org.springframework.ide.vscode.boot.app.BootLanguageServerBootApp
java_class_path (initial): c:\Users\saisri.g\.vscode\extensions\vmware.vscode-spring-boot-1.49.0\language-server\BOOT-INF\classes;c:\Users\saisri.g\.vscode\extensions\vmware.vscode-spring-boot-1.49.0\language-server\BOOT-INF\lib\annotations-24.0.1.jar;c:\Users\saisri.g\.vscode\extensions\vmware.vscode-spring-boot-1.49.0\language-server\BOOT-INF\lib\antlr-runtime-3.5.3.jar;c:\Users\saisri.g\.vscode\extensions\vmware.vscode-spring-boot-1.49.0\language-server\BOOT-INF\lib\antlr4-4.11.1.jar;c:\Users\saisri.g\.vscode\extensions\vmware.vscode-spring-boot-1.49.0\language-server\BOOT-INF\lib\antlr4-runtime-4.11.1.jar;c:\Users\saisri.g\.vscode\extensions\vmware.vscode-spring-boot-1.49.0\language-server\BOOT-INF\lib\archunit-1.1.0.jar;c:\Users\saisri.g\.vscode\extensions\vmware.vscode-spring-boot-1.49.0\language-server\BOOT-INF\lib\asm-9.5.jar;c:\Users\saisri.g\.vscode\extensions\vmware.vscode-spring-boot-1.49.0\language-server\BOOT-INF\lib\asm-analysis-9.5.jar;c:\Users\saisri.g\.vscode\extensions\vmware.vscode-spring-boot-1.49.0\language-server\BOOT-INF\lib\asm-tree-9.5.jar;c:\Users\saisri.g\.vscode\extensions\vmware.vscode-spring-boot-1.49.0\language-server\BOOT-INF\lib\asm-util-9.5.jar;c:\Users\saisri.g\.vscode\extensions\vmware.vscode-spring-boot-1.49.0\language-server\BOOT-INF\lib\bosh-language-server-1.49.0-SNAPSHOT.jar;c:\Users\saisri.g\.vscode\extensions\vmware.vscode-spring-boot-1.49.0\language-server\BOOT-INF\lib\caffeine-3.1.6.jar;c:\Users\saisri.g\.vscode\extensions\vmware.vscode-spring-boot-1.49.0\language-server\BOOT-INF\lib\checker-qual-3.12.0.jar;c:\Users\saisri.g\.vscode\extensions\vmware.vscode-spring-boot-1.49.0\language-server\BOOT-INF\lib\classgraph-4.8.149.jar;c:\Users\saisri.g\.vscode\extensions\vmware.vscode-spring-boot-1.49.0\language-server\BOOT-INF\lib\commons-codec-1.15.jar;c:\Users\saisri.g\.vscode\extensions\vmware.vscode-spring-boot-1.49.0\language-server\BOOT-INF\lib\commons-compress-1.23.0.jar;c:\Users\saisri.g\.vscode\extensions\vmware.vsco
Launcher Type: SUN_STANDARD

[Global flags]
     intx CICompilerCount                          = 4                                         {product} {ergonomic}
     uint ConcGCThreads                            = 3                                         {product} {ergonomic}
     uint G1ConcRefinementThreads                  = 10                                        {product} {ergonomic}
   size_t G1HeapRegionSize                         = 1048576                                   {product} {ergonomic}
    uintx GCDrainStackTargetSize                   = 64                                        {product} {ergonomic}
     bool HeapDumpOnOutOfMemoryError               = true                                   {manageable} {command line}
   size_t InitialHeapSize                          = 264241152                                 {product} {ergonomic}
   size_t MarkStackSize                            = 4194304                                   {product} {ergonomic}
   size_t MaxHeapSize                              = 1073741824                                {product} {command line}
   size_t MinHeapDeltaBytes                        = 1048576                                   {product} {ergonomic}
   size_t MinHeapSize                              = 8388608                                   {product} {ergonomic}
    uintx NonProfiledCodeHeapSize                  = 0                                      {pd product} {ergonomic}
     bool ProfileInterpreter                       = false                                  {pd product} {command line}
    uintx ProfiledCodeHeapSize                     = 0                                      {pd product} {ergonomic}
   size_t SoftMaxHeapSize                          = 1073741824                             {manageable} {ergonomic}
     intx TieredStopAtLevel                        = 1                                         {product} {command line}
     bool UseCompressedClassPointers               = true                           {product lp64_product} {ergonomic}
     bool UseCompressedOops                        = true                           {product lp64_product} {ergonomic}
     bool UseG1GC                                  = true                                      {product} {ergonomic}
     bool UseLargePagesIndividualAllocation        = false                                  {pd product} {ergonomic}

Logging:
Log output configuration:
 #0: stdout all=warning,jni+resolve=off uptime,level,tags (reconfigured)
 #1: stderr all=off uptime,level,tags

Environment Variables:
PATH=C:\Program Files (x86)\Common Files\Oracle\Java\javapath;C:\windows\system32;C:\windows;C:\windows\System32\Wbem;C:\windows\System32\WindowsPowerShell\v1.0\;C:\windows\System32\OpenSSH\;C:\Users\saisri.g\AppData\Local\Microsoft\WindowsApps;C:\Program Files\Java\jdk1.8.0_311\bin;C:\Users\saisri.g\AppData\Local\Programs\Microsoft VS Code\bin;C:\Users\saisri.g\AppData\Local\Programs\Git\cmd
USERNAME=saisri.g
OS=Windows_NT
PROCESSOR_IDENTIFIER=Intel64 Family 6 Model 154 Stepping 4, GenuineIntel
TMP=C:\Users\saisri.g\AppData\Local\Temp
TEMP=C:\Users\saisri.g\AppData\Local\Temp



---------------  S Y S T E M  ---------------

OS:
 Windows 10 , 64 bit Build 19041 (10.0.19041.3031)
OS uptime: 0 days 5:10 hours
Hyper-V role detected

CPU: total 12 (initial active 12) (6 cores per cpu, 2 threads per core) family 6 model 154 stepping 4 microcode 0x42c, cx8, cmov, fxsr, ht, mmx, 3dnowpref, sse, sse2, sse3, ssse3, sse4.1, sse4.2, popcnt, lzcnt, tsc, tscinvbit, avx, avx2, aes, erms, clmul, bmi1, bmi2, adx, sha, fma, vzeroupper, clflush, clflushopt, clwb, hv
Processor Information for processor 0
  Max Mhz: 1300, Current Mhz: 1300, Mhz Limit: 897
Processor Information for processor 1
  Max Mhz: 1300, Current Mhz: 1300, Mhz Limit: 897
Processor Information for processor 2
  Max Mhz: 1300, Current Mhz: 1300, Mhz Limit: 1300
Processor Information for processor 3
  Max Mhz: 1300, Current Mhz: 1300, Mhz Limit: 1300
Processor Information for processor 4
  Max Mhz: 1300, Current Mhz: 900, Mhz Limit: 897
Processor Information for processor 5
  Max Mhz: 1300, Current Mhz: 900, Mhz Limit: 897
Processor Information for processor 6
  Max Mhz: 1300, Current Mhz: 900, Mhz Limit: 897
Processor Information for processor 7
  Max Mhz: 1300, Current Mhz: 900, Mhz Limit: 897
Processor Information for processor 8
  Max Mhz: 1300, Current Mhz: 900, Mhz Limit: 897
Processor Information for processor 9
  Max Mhz: 1300, Current Mhz: 900, Mhz Limit: 897
Processor Information for processor 10
  Max Mhz: 1300, Current Mhz: 900, Mhz Limit: 897
Processor Information for processor 11
  Max Mhz: 1300, Current Mhz: 900, Mhz Limit: 897

Memory: 4k page, system-wide physical 16016M (365M free)
TotalPageFile size 28828M (AvailPageFile size 116M)
current process WorkingSet (physical memory assigned to process): 17M, peak: 17M
current process commit charge ("private bytes"): 68M, peak: 320M

vm_info: OpenJDK 64-Bit Server VM (17.0.8.1+1) for windows-amd64 JRE (17.0.8.1+1), built on Aug 23 2023 15:29:17 by "admin" with MS VC++ 16.7 (VS2019)

END.
